  auxilary.cpp
  local_search.cpp
  main.cpp
  master_problem.cpp
D:\C++Project\RFMDP_Type2\master_problem.cpp(22,16): warning C4101: 'prob_sa': unreferenced local variable
  monte_carlo.cpp
D:\C++Project\RFMDP_Type2\monte_carlo.cpp(77,9): warning C4101: 'sum_action': unreferenced local variable
D:\C++Project\RFMDP_Type2\monte_carlo.cpp(101,9): warning C4101: 'sum_action': unreferenced local variable
D:\C++Project\RFMDP_Type2\monte_carlo.cpp(124,9): warning C4101: 'sum_action': unreferenced local variable
D:\C++Project\RFMDP_Type2\monte_carlo.cpp(152,9): warning C4101: 'sum_action': unreferenced local variable
D:\C++Project\RFMDP_Type2\monte_carlo.cpp(208,13): warning C4101: 'index_k1': unreferenced local variable
D:\C++Project\RFMDP_Type2\monte_carlo.cpp(208,43): warning C4101: 'index_L2': unreferenced local variable
D:\C++Project\RFMDP_Type2\monte_carlo.cpp(208,23): warning C4101: 'index_k2': unreferenced local variable
D:\C++Project\RFMDP_Type2\monte_carlo.cpp(208,33): warning C4101: 'index_L1': unreferenced local variable
  overall_problem.cpp
  overall_problem_robust.cpp
  topology.cpp
  Generating code
  14 of 193 functions ( 7.3%) were compiled, the rest were copied from previous compilation.
    0 functions were new in current compilation
    9 functions had inline decision re-evaluated but remain unchanged
  Finished generating code
  RFMDP_Type2.vcxproj -> D:\C++Project\RFMDP_Type2\x64\Release\RFMDP_Type2.exe
